09:37 jazzzooo  : ayy
09:37 jazzzooo  : vem du
09:37 Etori     : fuck of
09:37 Etori     : f
09:37 jazzzooo  : wilm,er
09:37 Etori     : vem?
09:37 jazzzooo  : ok nvm
09:37 Etori     : du e justas
09:37 jazzzooo  : aa
09:37 jazzzooo  : jag ska hacka din ip så jag vet vem du är
09:38 Etori     : då snor jag ditt lärarkort ;)
09:38 jazzzooo  : din jävla wilmer
09:39 Etori     : okej denhär servern suger
09:39 Etori     : vi har inga permissions alls
09:39 jazzzooo  : lol
09:39 jazzzooo  : skriv på snap
09:39 Etori     : va
09:39 jazzzooo  : att folk ska joina
09:39 Etori     : nej är på macen den klarar knappt dehär spelet drar nu
13:08 jazzzooo  : vem du
13:08 Kundvagn  : eee
13:08 Kundvagn  : ingen
13:08 jazzzooo  : get our reee
13:08 jazzzooo  : out*
13:08 Kundvagn  : NIEEET
13:09 jazzzooo  : vem du
13:09 Abdulai   : bruh
13:09 Mr_Spybot : Aldul karim
13:09 jazzzooo  : get out reeee
13:09 Mr_Spybot : Abdul karim*
13:09 Kundvagn  : Abdulai
13:10 Kundvagn  : lol
13:10 jazzzooo  : ayy johan
13:10 jazzzooo  : din pedo
13:10 ippyson   : var är ni mina peeps?
13:11 Indrit    : ippyson
13:11 Indrit    : fult namn du har
13:11 ippyson   : fuck you har ett halvt hp
13:11 Indrit    : :P
13:12 ippyson   : ingen vet vem jag är xd
13:12 Indrit    : Charles?
13:12 ippyson   : hemligt namn
13:12 ippyson   : och skin
13:12 ippyson   : vem vet
13:12 Abdulai   : ey wtf vem är kundvagn
13:12 Abdulai   : stulet lmfao
13:12 Indrit    : *ringer Simon*
13:12 Kundvagn  : Jag?
13:12 Kundvagn  : Vadå stulet lmfao
13:13 Indrit    : ippyson
13:13 Indrit    : sosse
13:13 ippyson   : ja?
13:13 Indrit    : slute sätta eld på mig
13:13 jazzzooo  : johan du är sossen
13:13 ippyson   : det är inte jag :(
13:13 ippyson   : varför kan man inte använda emojis
13:13 Indrit    : Spigot?
13:13 Indrit    : Server va
13:14 ippyson   : ja
13:14 ippyson   : behövs mer ram?
13:14 ippyson   : laggar någon
13:14 Indrit    : mata ba ram XD
13:14 ippyson   : servern finns ju i tyskland
13:14 ippyson   : *contabo* <3
13:15 ippyson   : men ingen upplever lagg väl?
13:15 Indrit    : Vad har ni för plugins?
13:15 jazzzooo  : nope
13:15 Mr_Spybot : Ear rape plugin
13:15 Indrit    : förutom mcmmo och clearlag
13:15 ippyson   : kan inte du göra /plugins
13:15 ippyson   : griefprevention och några essentials saker jag inte vet vad de gör
13:15 ippyson   : det är aids utan gpu :/
13:15 ippyson   : måste ta upp min gaming dator till stockholm
13:16 Indrit    : ta *upp*
13:16 ippyson   : från göteborg
13:16 jazzzooo  : vem fan är farbror anna
13:16 Farbror_Anna: Emil i Discord
13:16 ippyson     : jag bor fan inte med isbjörnar som ni gör
13:16 jazzzooo    : vi har lektion snart, då kommer det in fler
13:17 Farbror_Anna: haha
13:17 ippyson     : hej
13:17 Indrit      : /msg 
13:17 Indrit      : era permissions är *retarded*
13:17 ippyson     : jag tror några plugins är för op
13:17 Indrit      : ./msg
13:17 Indrit      : /msg 
13:17 ippyson     : vet inte vilka dock
13:17 ippyson     : man dör inte av fall damage t.ex.
13:18 Etori       : ./MSG
13:18 Etori       : /msg 
13:18 Indrit      : kek, skicka kopia på server foldern, ska fixa ite skit :kek:
13:18 Etori       : Johan fixa bara en bättre server
13:18 jazzzooo    : ladda upp på git
13:18 jazzzooo    : johan kan mest om minecraft
13:18 ippyson     : what
13:19 Indrit      : XD
13:19 jazzzooo    : johan kan allt om minecraft men suger på att spela
13:19 Etori       : johan kan du inte fixa nå 24/7 hosting gratis typ?
13:19 Indrit      : kek
13:19 ippyson     : trodde inte man förlora saker om man dog
13:19 Indrit      : servern är ok, och 24/7
13:19 Etori       : aja fixa permissionsen då
13:19 jazzzooo    : bra
13:19 Indrit      : men bara att lite config filer behöver ändras XD
13:19 ippyson     : kan skicka servern
13:20 Indrit      : ja gör det
13:20 Indrit      : IchBinNoHomo <33333
13:20 IchBinNoHomo: usch stentools
13:20 Etori       : varför låter min mac som ett jävla jetplan när jag har igång minecraft?
13:21 Indrit      : För att du är :retarded:
13:21 Mr_Spybot   : För att det är mac
13:21 IchBinNoHomo: nej anna
13:21 Indrit      : stäng ba av kylningen :kek:
13:21 Etori       : då lär ju skiten brinna upp
13:21 ippyson     : ska jag göra en git johan?
13:21 Indrit      : ja
13:21 Indrit      : gör en McServer git
13:22 ippyson     : jag gör det på digital ungdom
13:22 ippyson     : det kommer douglas gilla
13:22 Indrit      : kek
13:22 ippyson     : så får du clonea och göra pull request xd
13:22 Indrit      : XDDD
13:22 ippyson     : jag komer dock inte pusha våra worlds
13:23 ippyson     : ingen ska få reda på seed
13:31 Mr_Spybot   : Samma klass som Justas
13:31 jazzzooo    : japp
13:31 Indrit      : gay
13:31 jazzzooo    : mycket gay
13:32 Mr_Spybot   : f
13:37 jazzzooo    : linnea suger
13:37 Indrit      : ew
13:37 Jugswe      : jäklar va mycket folk det var online
13:37 Indrit      : inte tjejer på denna server :triumph:
13:37 Indrit      : Kundvagn
13:37 Indrit      : joina vc
13:37 Indrit      : sosse
13:38 jazzzooo    : linnea är sosse
13:40 Jugswe      : tror respawn var fuckat igår
13:40 Jugswe      : sov i en säng med respawnade ändå vid spawn
13:41 ippyson     : server finns på github nu
13:41 Jugswe      : lol
13:41 ippyson     : woops
13:41 jazzzooo    : johan fixa
13:41 ippyson     : trodde man inte tog fall damage
13:44 ippyson     : kan man ändra namn på minecraft?
13:44 Kundvagn    : ja?
13:44 Mr_Spybot   : Så klart.
13:44 ippyson     : så varför heter du kundvagn
13:44 Kundvagn    : varför inte?
13:44 Jugswe      : vad är det för fel på kundvagn
13:51 jazzzooo    : vrf lämnar alla bara för vi har teknik
13:53 ippyson     : lvl 50 woodcutting
13:53 ippyson     : nu jävlar
13:54 jazzzooo    : det bästa som finns är att höra lars burströms röst medans man spelar minecraft
13:54 jazzzooo    : gör levlarna något?
13:54 ippyson     : ja man får skills
13:54 ippyson     : typ varje 50 lvlar
13:54 jazzzooo    : vad gör de?
13:55 ippyson     : jag tror woodcutting gör så du kan typ hugga ner ett helt träd på ett slag
13:55 ippyson     : eller något sånt
13:55 jazzzooo    : nice
13:55 jazzzooo    : hur ser man alla sina levlar?
13:56 ippyson     : jag tror det är: /mcmmo:mcstats
13:57 IchBinNoHomo: ./stats
13:57 ippyson     : funkar också
13:57 ippyson     : tydligen
13:57 jazzzooo    : f
13:59 ippyson     : f
13:59 jazzzooo    : f
14:07 jazzzooo    : varför har vi på easy? noobs
14:17 jazzzooo    : grattis
14:17 IchBinNoHomo: rgratis*
15:12 Kundvagn placed suspicious WATER_BUCKET @ world: x-6989, z-855
15:17 Mr_Spybot   : rip
15:22 jazzzooo    : Johan fixa lagg!
15:22 Douglas     : Var är du Kelvin?
