16:34 Jugswe    : hej hej
16:34 raketkalle: hey!
16:35 Jugswe    : är det spawn protection eller är perms fuckade
16:35 raketkalle: vet faktiskt inte
16:35 raketkalle: har du gått en bit bort?
16:35 raketkalle: från spawn
16:35 Jugswe    : yeah men ska testa att gå ännu längre
16:35 raketkalle: jag med
16:36 Jugswe    : det är perms
16:36 raketkalle: aa
16:36 Jugswe    : får "you are nto permitted to use stone sword" när jag slår och det är nt spawn protection
16:36 raketkalle: skriver till kelvin
16:37 Jugswe    : :thumbsup:
16:42 ippyson   : najs
16:42 raketkalle: yey!
16:42 ippyson   : problem med ett konstigt plugin
16:42 ippyson   : wow vilket fint rött namn jag har
16:42 raketkalle: förstår
16:42 Jugswe    : hittade en mesa
16:42 raketkalle: aa haha
16:42 raketkalle: nice!!
16:43 ippyson   : jag installerade lite plugins jag inte visste gjorde
16:43 ippyson   : så de kan uppstå andra problem
16:43 ippyson   : men tror inte det
16:43 Jugswe    : mcmmo är ju ballt
16:44 ippyson   : servern fungerar bra annars?
16:45 Jugswe    : aa hittils iaf
16:45 Jugswe    : hittills
16:45 raketkalle: silky smooth B)
16:45 raketkalle: Tack Kelvin!
16:45 raketkalle: behöver gå nu, men kommer kanske tillbaka senare
16:45 Jugswe    : ok
16:53 ippyson   : hittar ingen iron....
16:53 Jugswe    : skumt
16:53 Jugswe    : hittade min i en chest i öknen
16:53 ippyson   : avis
16:54 Jugswe    : oj båda behöver inte sova
16:54 ippyson   : kan logga ut ifall du vill sova
16:54 Jugswe    : det är lugnt lol det blev dag
16:54 ippyson   : loggade ut och in
16:54 ippyson   : kanske därför
16:54 Jugswe    : yea men det blev dag innan
16:54 Jugswe    : kan vara så att nt alla behöver sova
16:55 ippyson   : kamske
16:55 Jugswe    : får testa nästa natt
17:06 Jugswe    : välkommen
17:08 ippyson   : fuck off
17:08 Jugswe    : lol
17:08 Etori     : lol
17:09 ippyson   : okej jag förlora inget och kunnde skriva /back för att komma tillbaka
17:09 ippyson   : kanske lite op
17:09 Jugswe    : oj droppar man inget?
17:09 Etori     : vem är vem här?
17:09 ippyson   : kelvin
17:09 Jugswe    : jag är justin på discord
17:12 ippyson   : bruh
17:13 Jugswe    : gör de block damage
17:13 ippyson   : tror inte det
17:13 ippyson   : nej de gör de inte
17:13 ippyson   : men kanske ska göra så att de gör det
17:13 ippyson   : och att man faktiskt dör
17:13 Jugswe    : att items droppar iaf
17:15 ippyson   : vad gör levels?
17:15 Jugswe    : i mcmmo eller minecraft
17:15 ippyson   : mcmmo
17:15 Jugswe    : man får bättre drops i väldigt höga levels
17:15 ippyson   : jaha
17:15 Jugswe    : eller det beror på vilken skill
17:15 ippyson   : level 14 woodcutting
17:15 ippyson   : men kanske får levla mer
17:15 Jugswe    : om du högerklickar yxan så readyar du den
17:16 Jugswe    : vid högre levels kan man cutta hela träd via ett block
17:16 ippyson   : vad innebär att ready yxan
17:17 Jugswe    : om man gör den ready och sen slår så går man i woodcutting mode under en visst antal sekunder, där man kan cutta hela trädet med bara ett block
17:17 ippyson   : najs
17:17 ippyson   : 37 mer levlar för det....
17:17 Jugswe    : yea så om man har ett sånt där stort träd så slipper man jäklas med det
17:17 ippyson   : dags att grinda
17:17 Jugswe    : haha
17:26 ippyson   : jag gillar acrobatics skillen
17:26 ippyson   : bara att hoppa av massa ställen
17:26 Jugswe    : aa
17:27 Jugswe    : man tar mindre damage sen
17:29 ippyson   : ska käka, men kommer tillbaka snart för att grinda de sista 16 levels xd
18:54 raketkalle: hej!
19:01 raketkalle:  placed a sign @ world: x-117, z-172
  El ugly house
19:05 zigo123   : Hej
